=== Pseudogene Index Build Log ===
Date: Tue Feb 17 18:07:32 GMT 2026
Repository: /Users/jefflee/Documents/Github/smFISHProbeDesign

Bowtie: bowtie-build version 1.3.1

=== human ===
Input FASTA: /Users/jefflee/Documents/Github/smFISHProbeDesign/probedesign/pseudogeneDBs/human.fasta
Output prefix: humanPseudo
FASTA stats: 18046 sequences,  26M
Settings:
  Output files: "/Users/jefflee/Documents/Github/smFISHProbeDesign/bowtie_indexes/humanPseudo.*.ebwt"
  Line rate: 6 (line is 64 bytes)
  Lines per side: 1 (side is 64 bytes)
  Offset rate: 5 (one in 32)
  FTable chars: 10
  Strings: unpacked
  Max bucket size: default
  Max bucket size, sqrt multiplier: default
  Max bucket size, len divisor: 4
  Difference-cover sample period: 1024
  Endianness: little
  Actual local endianness: little
  Sanity checking: disabled
  Assertions: disabled
  Random seed: 0
  Sizeofs: void*:8, int:4, long:8, size_t:8
Input files DNA, FASTA:
  /Users/jefflee/Documents/Github/smFISHProbeDesign/probedesign/pseudogeneDBs/human.fasta
Reading reference sizes
  Time reading reference sizes: 00:00:00
Calculating joined length
Writing header
Reserving space for joined string
Joining reference sequences
  Time to join reference sequences: 00:00:00
bmax according to bmaxDivN setting: 6684534
Using parameters --bmax 5013401 --dcv 1024
  Doing ahead-of-time memory usage test
  Passed!  Constructing with these parameters: --bmax 5013401 --dcv 1024
Constructing suffix-array element generator
Building DifferenceCoverSample
  Building sPrime
  Building sPrimeOrder
  V-Sorting samples
  V-Sorting samples time: 00:00:00
  Allocating rank array
  Ranking v-sort output
  Ranking v-sort output time: 00:00:00
  Invoking Larsson-Sadakane on ranks
  Invoking Larsson-Sadakane on ranks time: 00:00:00
  Sanity-checking and returning
Building samples
Reserving space for 12 sample suffixes
Generating random suffixes
QSorting 12 sample offsets, eliminating duplicates
Multikey QSorting 12 samples
  (Using difference cover)
  Multikey QSorting samples time: 00:00:00
QSorting sample offsets, eliminating duplicates time: 00:00:00
Calculating bucket sizes
Splitting and merging
  Splitting and merging time: 00:00:00
Split 1, merged 5; iterating...
Splitting and merging
  Splitting and merging time: 00:00:00
Avg bucket size: 2.9709e+06 (target: 5013400)
Converting suffix-array elements to index image
Allocating ftab, absorbFtab
Entering Ebwt loop
Getting block 1 of 9
  Reserving size (5013401) for bucket 1
  Calculating Z arrays for bucket 1
  Entering block accumulator loop for bucket 1:
  bucket 1: 10%
  bucket 1: 20%
  bucket 1: 30%
  bucket 1: 40%
  bucket 1: 50%
  bucket 1: 60%
  bucket 1: 70%
  bucket 1: 80%
  bucket 1: 90%
  bucket 1: 100%
  Sorting block of length 3775044 for bucket 1
  (Using difference cover)
  Sorting block time: 00:00:01
Returning block of 3775045 for bucket 1
Getting block 2 of 9
  Reserving size (5013401) for bucket 2
  Calculating Z arrays for bucket 2
  Entering block accumulator loop for bucket 2:
  bucket 2: 10%
  bucket 2: 20%
  bucket 2: 30%
  bucket 2: 40%
  bucket 2: 50%
  bucket 2: 60%
  bucket 2: 70%
  bucket 2: 80%
  bucket 2: 90%
  bucket 2: 100%
  Sorting block of length 4352286 for bucket 2
  (Using difference cover)
  Sorting block time: 00:00:01
Returning block of 4352287 for bucket 2
Getting block 3 of 9
  Reserving size (5013401) for bucket 3
  Calculating Z arrays for bucket 3
  Entering block accumulator loop for bucket 3:
  bucket 3: 10%
  bucket 3: 20%
  bucket 3: 30%
  bucket 3: 40%
  bucket 3: 50%
  bucket 3: 60%
  bucket 3: 70%
  bucket 3: 80%
  bucket 3: 90%
  bucket 3: 100%
  Sorting block of length 906024 for bucket 3
  (Using difference cover)
  Sorting block time: 00:00:00
Returning block of 906025 for bucket 3
Getting block 4 of 9
  Reserving size (5013401) for bucket 4
  Calculating Z arrays for bucket 4
  Entering block accumulator loop for bucket 4:
  bucket 4: 10%
  bucket 4: 20%
  bucket 4: 30%
  bucket 4: 40%
  bucket 4: 50%
  bucket 4: 60%
  bucket 4: 70%
  bucket 4: 80%
  bucket 4: 90%
  bucket 4: 100%
  Sorting block of length 4748128 for bucket 4
  (Using difference cover)
  Sorting block time: 00:00:01
Returning block of 4748129 for bucket 4
Getting block 5 of 9
  Reserving size (5013401) for bucket 5
  Calculating Z arrays for bucket 5
  Entering block accumulator loop for bucket 5:
  bucket 5: 10%
  bucket 5: 20%
  bucket 5: 30%
  bucket 5: 40%
  bucket 5: 50%
  bucket 5: 60%
  bucket 5: 70%
  bucket 5: 80%
  bucket 5: 90%
  bucket 5: 100%
  Sorting block of length 2586078 for bucket 5
  (Using difference cover)
  Sorting block time: 00:00:00
Returning block of 2586079 for bucket 5
Getting block 6 of 9
  Reserving size (5013401) for bucket 6
  Calculating Z arrays for bucket 6
  Entering block accumulator loop for bucket 6:
  bucket 6: 10%
  bucket 6: 20%
  bucket 6: 30%
  bucket 6: 40%
  bucket 6: 50%
  bucket 6: 60%
  bucket 6: 70%
  bucket 6: 80%
  bucket 6: 90%
  bucket 6: 100%
  Sorting block of length 3910592 for bucket 6
  (Using difference cover)
  Sorting block time: 00:00:01
Returning block of 3910593 for bucket 6
Getting block 7 of 9
  Reserving size (5013401) for bucket 7
  Calculating Z arrays for bucket 7
  Entering block accumulator loop for bucket 7:
  bucket 7: 10%
  bucket 7: 20%
  bucket 7: 30%
  bucket 7: 40%
  bucket 7: 50%
  bucket 7: 60%
  bucket 7: 70%
  bucket 7: 80%
  bucket 7: 90%
  bucket 7: 100%
  Sorting block of length 1249712 for bucket 7
  (Using difference cover)
  Sorting block time: 00:00:00
Returning block of 1249713 for bucket 7
Getting block 8 of 9
  Reserving size (5013401) for bucket 8
  Calculating Z arrays for bucket 8
  Entering block accumulator loop for bucket 8:
  bucket 8: 10%
  bucket 8: 20%
  bucket 8: 30%
  bucket 8: 40%
  bucket 8: 50%
  bucket 8: 60%
  bucket 8: 70%
  bucket 8: 80%
  bucket 8: 90%
  bucket 8: 100%
  Sorting block of length 4389233 for bucket 8
  (Using difference cover)
  Sorting block time: 00:00:01
Returning block of 4389234 for bucket 8
Getting block 9 of 9
  Reserving size (5013401) for bucket 9
  Calculating Z arrays for bucket 9
  Entering block accumulator loop for bucket 9:
  bucket 9: 10%
  bucket 9: 20%
  bucket 9: 30%
  bucket 9: 40%
  bucket 9: 50%
  bucket 9: 60%
  bucket 9: 70%
  bucket 9: 80%
  bucket 9: 90%
  bucket 9: 100%
  Sorting block of length 821032 for bucket 9
  (Using difference cover)
  Sorting block time: 00:00:00
Returning block of 821033 for bucket 9
Exited Ebwt loop
fchr[A]: 0
fchr[C]: 7402131
fchr[G]: 13348299
fchr[T]: 19475494
fchr[$]: 26738137
Exiting Ebwt::buildToDisk()
Returning from initFromVector
Wrote 12447565 bytes to primary EBWT file: /Users/jefflee/Documents/Github/smFISHProbeDesign/bowtie_indexes/humanPseudo.1.ebwt
Wrote 3342272 bytes to secondary EBWT file: /Users/jefflee/Documents/Github/smFISHProbeDesign/bowtie_indexes/humanPseudo.2.ebwt
Re-opening _in1 and _in2 as input streams
Returning from Ebwt constructor
Headers:
    len: 26738137
    bwtLen: 26738138
    sz: 6684535
    bwtSz: 6684535
    lineRate: 6
    linesPerSide: 1
    offRate: 5
    offMask: 0xffffffe0
    isaRate: -1
    isaMask: 0xffffffff
    ftabChars: 10
    eftabLen: 20
    eftabSz: 80
    ftabLen: 1048577
    ftabSz: 4194308
    offsLen: 835567
    offsSz: 3342268
    isaLen: 0
    isaSz: 0
    lineSz: 64
    sideSz: 64
    sideBwtSz: 56
    sideBwtLen: 224
    numSidePairs: 59684
    numSides: 119368
    numLines: 119368
    ebwtTotLen: 7639552
    ebwtTotSz: 7639552
    reverse: 0
Total time for call to driver() for forward index: 00:00:11
Reading reference sizes
  Time reading reference sizes: 00:00:01
Calculating joined length
Writing header
Reserving space for joined string
Joining reference sequences
  Time to join reference sequences: 00:00:00
bmax according to bmaxDivN setting: 6684534
Using parameters --bmax 5013401 --dcv 1024
  Doing ahead-of-time memory usage test
  Passed!  Constructing with these parameters: --bmax 5013401 --dcv 1024
Constructing suffix-array element generator
Building DifferenceCoverSample
  Building sPrime
  Building sPrimeOrder
  V-Sorting samples
  V-Sorting samples time: 00:00:00
  Allocating rank array
  Ranking v-sort output
  Ranking v-sort output time: 00:00:00
  Invoking Larsson-Sadakane on ranks
  Invoking Larsson-Sadakane on ranks time: 00:00:00
  Sanity-checking and returning
Building samples
Reserving space for 12 sample suffixes
Generating random suffixes
QSorting 12 sample offsets, eliminating duplicates
Multikey QSorting 12 samples
  (Using difference cover)
  Multikey QSorting samples time: 00:00:00
QSorting sample offsets, eliminating duplicates time: 00:00:00
Calculating bucket sizes
Splitting and merging
  Splitting and merging time: 00:00:00
Split 1, merged 5; iterating...
Splitting and merging
  Splitting and merging time: 00:00:00
Avg bucket size: 3.34227e+06 (target: 5013400)
Converting suffix-array elements to index image
Allocating ftab, absorbFtab
Entering Ebwt loop
Getting block 1 of 8
  Reserving size (5013401) for bucket 1
  Calculating Z arrays for bucket 1
  Entering block accumulator loop for bucket 1:
  bucket 1: 10%
  bucket 1: 20%
  bucket 1: 30%
  bucket 1: 40%
  bucket 1: 50%
  bucket 1: 60%
  bucket 1: 70%
  bucket 1: 80%
  bucket 1: 90%
  bucket 1: 100%
  Sorting block of length 3376895 for bucket 1
  (Using difference cover)
  Sorting block time: 00:00:01
Returning block of 3376896 for bucket 1
Getting block 2 of 8
  Reserving size (5013401) for bucket 2
  Calculating Z arrays for bucket 2
  Entering block accumulator loop for bucket 2:
  bucket 2: 10%
  bucket 2: 20%
  bucket 2: 30%
  bucket 2: 40%
  bucket 2: 50%
  bucket 2: 60%
  bucket 2: 70%
  bucket 2: 80%
  bucket 2: 90%
  bucket 2: 100%
  Sorting block of length 4405832 for bucket 2
  (Using difference cover)
  Sorting block time: 00:00:01
Returning block of 4405833 for bucket 2
Getting block 3 of 8
  Reserving size (5013401) for bucket 3
  Calculating Z arrays for bucket 3
  Entering block accumulator loop for bucket 3:
  bucket 3: 10%
  bucket 3: 20%
  bucket 3: 30%
  bucket 3: 40%
  bucket 3: 50%
  bucket 3: 60%
  bucket 3: 70%
  bucket 3: 80%
  bucket 3: 90%
  bucket 3: 100%
  Sorting block of length 3679115 for bucket 3
  (Using difference cover)
  Sorting block time: 00:00:01
Returning block of 3679116 for bucket 3
Getting block 4 of 8
  Reserving size (5013401) for bucket 4
  Calculating Z arrays for bucket 4
  Entering block accumulator loop for bucket 4:
  bucket 4: 10%
  bucket 4: 20%
  bucket 4: 30%
  bucket 4: 40%
  bucket 4: 50%
  bucket 4: 60%
  bucket 4: 70%
  bucket 4: 80%
  bucket 4: 90%
  bucket 4: 100%
  Sorting block of length 3666553 for bucket 4
  (Using difference cover)
  Sorting block time: 00:00:01
Returning block of 3666554 for bucket 4
Getting block 5 of 8
  Reserving size (5013401) for bucket 5
  Calculating Z arrays for bucket 5
  Entering block accumulator loop for bucket 5:
  bucket 5: 10%
  bucket 5: 20%
  bucket 5: 30%
  bucket 5: 40%
  bucket 5: 50%
  bucket 5: 60%
  bucket 5: 70%
  bucket 5: 80%
  bucket 5: 90%
  bucket 5: 100%
  Sorting block of length 2991599 for bucket 5
  (Using difference cover)
  Sorting block time: 00:00:00
Returning block of 2991600 for bucket 5
Getting block 6 of 8
  Reserving size (5013401) for bucket 6
  Calculating Z arrays for bucket 6
  Entering block accumulator loop for bucket 6:
  bucket 6: 10%
  bucket 6: 20%
  bucket 6: 30%
  bucket 6: 40%
  bucket 6: 50%
  bucket 6: 60%
  bucket 6: 70%
  bucket 6: 80%
  bucket 6: 90%
  bucket 6: 100%
  Sorting block of length 3413935 for bucket 6
  (Using difference cover)
  Sorting block time: 00:00:01
Returning block of 3413936 for bucket 6
Getting block 7 of 8
  Reserving size (5013401) for bucket 7
  Calculating Z arrays for bucket 7
  Entering block accumulator loop for bucket 7:
  bucket 7: 10%
  bucket 7: 20%
  bucket 7: 30%
  bucket 7: 40%
  bucket 7: 50%
  bucket 7: 60%
  bucket 7: 70%
  bucket 7: 80%
  bucket 7: 90%
  bucket 7: 100%
  Sorting block of length 3228544 for bucket 7
  (Using difference cover)
  Sorting block time: 00:00:01
Returning block of 3228545 for bucket 7
Getting block 8 of 8
  Reserving size (5013401) for bucket 8
  Calculating Z arrays for bucket 8
  Entering block accumulator loop for bucket 8:
  bucket 8: 10%
  bucket 8: 20%
  bucket 8: 30%
  bucket 8: 40%
  bucket 8: 50%
  bucket 8: 60%
  bucket 8: 70%
  bucket 8: 80%
  bucket 8: 90%
  bucket 8: 100%
  Sorting block of length 1975657 for bucket 8
  (Using difference cover)
  Sorting block time: 00:00:01
Returning block of 1975658 for bucket 8
Exited Ebwt loop
fchr[A]: 0
fchr[C]: 7402131
fchr[G]: 13348299
fchr[T]: 19475494
fchr[$]: 26738137
Exiting Ebwt::buildToDisk()
Returning from initFromVector
Wrote 12447565 bytes to primary EBWT file: /Users/jefflee/Documents/Github/smFISHProbeDesign/bowtie_indexes/humanPseudo.rev.1.ebwt
Wrote 3342272 bytes to secondary EBWT file: /Users/jefflee/Documents/Github/smFISHProbeDesign/bowtie_indexes/humanPseudo.rev.2.ebwt
Re-opening _in1 and _in2 as input streams
Returning from Ebwt constructor
Headers:
    len: 26738137
    bwtLen: 26738138
    sz: 6684535
    bwtSz: 6684535
    lineRate: 6
    linesPerSide: 1
    offRate: 5
    offMask: 0xffffffe0
    isaRate: -1
    isaMask: 0xffffffff
    ftabChars: 10
    eftabLen: 20
    eftabSz: 80
    ftabLen: 1048577
    ftabSz: 4194308
    offsLen: 835567
    offsSz: 3342268
    isaLen: 0
    isaSz: 0
    lineSz: 64
    sideSz: 64
    sideBwtSz: 56
    sideBwtLen: 224
    numSidePairs: 59684
    numSides: 119368
    numLines: 119368
    ebwtTotLen: 7639552
    ebwtTotSz: 7639552
    reverse: 0
Total time for backward call to driver() for mirror index: 00:00:12
Build time: 23s
Verified: 6 .ebwt files
Total size: 39M

=== mouse ===
Input FASTA: /Users/jefflee/Documents/Github/smFISHProbeDesign/probedesign/pseudogeneDBs/mouse.fasta
Output prefix: mousePseudo
FASTA stats: 19086 sequences,  28M
Settings:
  Output files: "/Users/jefflee/Documents/Github/smFISHProbeDesign/bowtie_indexes/mousePseudo.*.ebwt"
  Line rate: 6 (line is 64 bytes)
  Lines per side: 1 (side is 64 bytes)
  Offset rate: 5 (one in 32)
  FTable chars: 10
  Strings: unpacked
  Max bucket size: default
  Max bucket size, sqrt multiplier: default
  Max bucket size, len divisor: 4
  Difference-cover sample period: 1024
  Endianness: little
  Actual local endianness: little
  Sanity checking: disabled
  Assertions: disabled
  Random seed: 0
  Sizeofs: void*:8, int:4, long:8, size_t:8
Input files DNA, FASTA:
  /Users/jefflee/Documents/Github/smFISHProbeDesign/probedesign/pseudogeneDBs/mouse.fasta
Reading reference sizes
  Time reading reference sizes: 00:00:00
Calculating joined length
Writing header
Reserving space for joined string
Joining reference sequences
  Time to join reference sequences: 00:00:00
bmax according to bmaxDivN setting: 6968605
Using parameters --bmax 5226454 --dcv 1024
  Doing ahead-of-time memory usage test
  Passed!  Constructing with these parameters: --bmax 5226454 --dcv 1024
Constructing suffix-array element generator
Building DifferenceCoverSample
  Building sPrime
  Building sPrimeOrder
  V-Sorting samples
  V-Sorting samples time: 00:00:00
  Allocating rank array
  Ranking v-sort output
  Ranking v-sort output time: 00:00:01
  Invoking Larsson-Sadakane on ranks
  Invoking Larsson-Sadakane on ranks time: 00:00:00
  Sanity-checking and returning
Building samples
Reserving space for 12 sample suffixes
Generating random suffixes
QSorting 12 sample offsets, eliminating duplicates
Multikey QSorting 12 samples
  (Using difference cover)
  Multikey QSorting samples time: 00:00:00
QSorting sample offsets, eliminating duplicates time: 00:00:00
Calculating bucket sizes
Splitting and merging
  Splitting and merging time: 00:00:00
Split 1, merged 6; iterating...
Splitting and merging
  Splitting and merging time: 00:00:00
Avg bucket size: 3.4843e+06 (target: 5226453)
Converting suffix-array elements to index image
Allocating ftab, absorbFtab
Entering Ebwt loop
Getting block 1 of 8
  Reserving size (5226454) for bucket 1
  Calculating Z arrays for bucket 1
  Entering block accumulator loop for bucket 1:
  bucket 1: 10%
  bucket 1: 20%
  bucket 1: 30%
  bucket 1: 40%
  bucket 1: 50%
  bucket 1: 60%
  bucket 1: 70%
  bucket 1: 80%
  bucket 1: 90%
  bucket 1: 100%
  Sorting block of length 2840399 for bucket 1
  (Using difference cover)
  Sorting block time: 00:00:00
Returning block of 2840400 for bucket 1
Getting block 2 of 8
  Reserving size (5226454) for bucket 2
  Calculating Z arrays for bucket 2
  Entering block accumulator loop for bucket 2:
  bucket 2: 10%
  bucket 2: 20%
  bucket 2: 30%
  bucket 2: 40%
  bucket 2: 50%
  bucket 2: 60%
  bucket 2: 70%
  bucket 2: 80%
  bucket 2: 90%
  bucket 2: 100%
  Sorting block of length 2939691 for bucket 2
  (Using difference cover)
  Sorting block time: 00:00:00
Returning block of 2939692 for bucket 2
Getting block 3 of 8
  Reserving size (5226454) for bucket 3
  Calculating Z arrays for bucket 3
  Entering block accumulator loop for bucket 3:
  bucket 3: 10%
  bucket 3: 20%
  bucket 3: 30%
  bucket 3: 40%
  bucket 3: 50%
  bucket 3: 60%
  bucket 3: 70%
  bucket 3: 80%
  bucket 3: 90%
  bucket 3: 100%
  Sorting block of length 4283159 for bucket 3
  (Using difference cover)
  Sorting block time: 00:00:01
Returning block of 4283160 for bucket 3
Getting block 4 of 8
  Reserving size (5226454) for bucket 4
  Calculating Z arrays for bucket 4
  Entering block accumulator loop for bucket 4:
  bucket 4: 10%
  bucket 4: 20%
  bucket 4: 30%
  bucket 4: 40%
  bucket 4: 50%
  bucket 4: 60%
  bucket 4: 70%
  bucket 4: 80%
  bucket 4: 90%
  bucket 4: 100%
  Sorting block of length 2034533 for bucket 4
  (Using difference cover)
  Sorting block time: 00:00:01
Returning block of 2034534 for bucket 4
Getting block 5 of 8
  Reserving size (5226454) for bucket 5
  Calculating Z arrays for bucket 5
  Entering block accumulator loop for bucket 5:
  bucket 5: 10%
  bucket 5: 20%
  bucket 5: 30%
  bucket 5: 40%
  bucket 5: 50%
  bucket 5: 60%
  bucket 5: 70%
  bucket 5: 80%
  bucket 5: 90%
  bucket 5: 100%
  Sorting block of length 3201175 for bucket 5
  (Using difference cover)
  Sorting block time: 00:00:01
Returning block of 3201176 for bucket 5
Getting block 6 of 8
  Reserving size (5226454) for bucket 6
  Calculating Z arrays for bucket 6
  Entering block accumulator loop for bucket 6:
  bucket 6: 10%
  bucket 6: 20%
  bucket 6: 30%
  bucket 6: 40%
  bucket 6: 50%
  bucket 6: 60%
  bucket 6: 70%
  bucket 6: 80%
  bucket 6: 90%
  bucket 6: 100%
  Sorting block of length 4816618 for bucket 6
  (Using difference cover)
  Sorting block time: 00:00:01
Returning block of 4816619 for bucket 6
Getting block 7 of 8
  Reserving size (5226454) for bucket 7
  Calculating Z arrays for bucket 7
  Entering block accumulator loop for bucket 7:
  bucket 7: 10%
  bucket 7: 20%
  bucket 7: 30%
  bucket 7: 40%
  bucket 7: 50%
  bucket 7: 60%
  bucket 7: 70%
  bucket 7: 80%
  bucket 7: 90%
  bucket 7: 100%
  Sorting block of length 4093140 for bucket 7
  (Using difference cover)
  Sorting block time: 00:00:01
Returning block of 4093141 for bucket 7
Getting block 8 of 8
  Reserving size (5226454) for bucket 8
  Calculating Z arrays for bucket 8
  Entering block accumulator loop for bucket 8:
  bucket 8: 10%
  bucket 8: 20%
  bucket 8: 30%
  bucket 8: 40%
  bucket 8: 50%
  bucket 8: 60%
  bucket 8: 70%
  bucket 8: 80%
  bucket 8: 90%
  bucket 8: 100%
  Sorting block of length 3665699 for bucket 8
  (Using difference cover)
  Sorting block time: 00:00:01
Returning block of 3665700 for bucket 8
Exited Ebwt loop
fchr[A]: 0
fchr[C]: 7915040
fchr[G]: 13816873
fchr[T]: 19888907
fchr[$]: 27874421
Exiting Ebwt::buildToDisk()
Returning from initFromVector
Wrote 12807557 bytes to primary EBWT file: /Users/jefflee/Documents/Github/smFISHProbeDesign/bowtie_indexes/mousePseudo.1.ebwt
Wrote 3484308 bytes to secondary EBWT file: /Users/jefflee/Documents/Github/smFISHProbeDesign/bowtie_indexes/mousePseudo.2.ebwt
Re-opening _in1 and _in2 as input streams
Returning from Ebwt constructor
Headers:
    len: 27874421
    bwtLen: 27874422
    sz: 6968606
    bwtSz: 6968606
    lineRate: 6
    linesPerSide: 1
    offRate: 5
    offMask: 0xffffffe0
    isaRate: -1
    isaMask: 0xffffffff
    ftabChars: 10
    eftabLen: 20
    eftabSz: 80
    ftabLen: 1048577
    ftabSz: 4194308
    offsLen: 871076
    offsSz: 3484304
    isaLen: 0
    isaSz: 0
    lineSz: 64
    sideSz: 64
    sideBwtSz: 56
    sideBwtLen: 224
    numSidePairs: 62220
    numSides: 124440
    numLines: 124440
    ebwtTotLen: 7964160
    ebwtTotSz: 7964160
    reverse: 0
Total time for call to driver() for forward index: 00:00:11
Reading reference sizes
  Time reading reference sizes: 00:00:00
Calculating joined length
Writing header
Reserving space for joined string
Joining reference sequences
  Time to join reference sequences: 00:00:01
bmax according to bmaxDivN setting: 6968605
Using parameters --bmax 5226454 --dcv 1024
  Doing ahead-of-time memory usage test
  Passed!  Constructing with these parameters: --bmax 5226454 --dcv 1024
Constructing suffix-array element generator
Building DifferenceCoverSample
  Building sPrime
  Building sPrimeOrder
  V-Sorting samples
  V-Sorting samples time: 00:00:00
  Allocating rank array
  Ranking v-sort output
  Ranking v-sort output time: 00:00:00
  Invoking Larsson-Sadakane on ranks
  Invoking Larsson-Sadakane on ranks time: 00:00:00
  Sanity-checking and returning
Building samples
Reserving space for 12 sample suffixes
Generating random suffixes
QSorting 12 sample offsets, eliminating duplicates
Multikey QSorting 12 samples
  (Using difference cover)
  Multikey QSorting samples time: 00:00:00
QSorting sample offsets, eliminating duplicates time: 00:00:00
Calculating bucket sizes
Splitting and merging
  Splitting and merging time: 00:00:00
Split 1, merged 7; iterating...
Splitting and merging
  Splitting and merging time: 00:00:00
Avg bucket size: 3.98206e+06 (target: 5226453)
Converting suffix-array elements to index image
Allocating ftab, absorbFtab
Entering Ebwt loop
Getting block 1 of 7
  Reserving size (5226454) for bucket 1
  Calculating Z arrays for bucket 1
  Entering block accumulator loop for bucket 1:
  bucket 1: 10%
  bucket 1: 20%
  bucket 1: 30%
  bucket 1: 40%
  bucket 1: 50%
  bucket 1: 60%
  bucket 1: 70%
  bucket 1: 80%
  bucket 1: 90%
  bucket 1: 100%
  Sorting block of length 4728661 for bucket 1
  (Using difference cover)
  Sorting block time: 00:00:01
Returning block of 4728662 for bucket 1
Getting block 2 of 7
  Reserving size (5226454) for bucket 2
  Calculating Z arrays for bucket 2
  Entering block accumulator loop for bucket 2:
  bucket 2: 10%
  bucket 2: 20%
  bucket 2: 30%
  bucket 2: 40%
  bucket 2: 50%
  bucket 2: 60%
  bucket 2: 70%
  bucket 2: 80%
  bucket 2: 90%
  bucket 2: 100%
  Sorting block of length 4393208 for bucket 2
  (Using difference cover)
  Sorting block time: 00:00:01
Returning block of 4393209 for bucket 2
Getting block 3 of 7
  Reserving size (5226454) for bucket 3
  Calculating Z arrays for bucket 3
  Entering block accumulator loop for bucket 3:
  bucket 3: 10%
  bucket 3: 20%
  bucket 3: 30%
  bucket 3: 40%
  bucket 3: 50%
  bucket 3: 60%
  bucket 3: 70%
  bucket 3: 80%
  bucket 3: 90%
  bucket 3: 100%
  Sorting block of length 2474933 for bucket 3
  (Using difference cover)
  Sorting block time: 00:00:01
Returning block of 2474934 for bucket 3
Getting block 4 of 7
  Reserving size (5226454) for bucket 4
  Calculating Z arrays for bucket 4
  Entering block accumulator loop for bucket 4:
  bucket 4: 10%
  bucket 4: 20%
  bucket 4: 30%
  bucket 4: 40%
  bucket 4: 50%
  bucket 4: 60%
  bucket 4: 70%
  bucket 4: 80%
  bucket 4: 90%
  bucket 4: 100%
  Sorting block of length 4326940 for bucket 4
  (Using difference cover)
  Sorting block time: 00:00:01
Returning block of 4326941 for bucket 4
Getting block 5 of 7
  Reserving size (5226454) for bucket 5
  Calculating Z arrays for bucket 5
  Entering block accumulator loop for bucket 5:
  bucket 5: 10%
  bucket 5: 20%
  bucket 5: 30%
  bucket 5: 40%
  bucket 5: 50%
  bucket 5: 60%
  bucket 5: 70%
  bucket 5: 80%
  bucket 5: 90%
  bucket 5: 100%
  Sorting block of length 4856453 for bucket 5
  (Using difference cover)
  Sorting block time: 00:00:01
Returning block of 4856454 for bucket 5
Getting block 6 of 7
  Reserving size (5226454) for bucket 6
  Calculating Z arrays for bucket 6
  Entering block accumulator loop for bucket 6:
  bucket 6: 10%
  bucket 6: 20%
  bucket 6: 30%
  bucket 6: 40%
  bucket 6: 50%
  bucket 6: 60%
  bucket 6: 70%
  bucket 6: 80%
  bucket 6: 90%
  bucket 6: 100%
  Sorting block of length 4718873 for bucket 6
  (Using difference cover)
  Sorting block time: 00:00:01
Returning block of 4718874 for bucket 6
Getting block 7 of 7
  Reserving size (5226454) for bucket 7
  Calculating Z arrays for bucket 7
  Entering block accumulator loop for bucket 7:
  bucket 7: 10%
  bucket 7: 20%
  bucket 7: 30%
  bucket 7: 40%
  bucket 7: 50%
  bucket 7: 60%
  bucket 7: 70%
  bucket 7: 80%
  bucket 7: 90%
  bucket 7: 100%
  Sorting block of length 2375347 for bucket 7
  (Using difference cover)
  Sorting block time: 00:00:00
Returning block of 2375348 for bucket 7
Exited Ebwt loop
fchr[A]: 0
fchr[C]: 7915040
fchr[G]: 13816873
fchr[T]: 19888907
fchr[$]: 27874421
Exiting Ebwt::buildToDisk()
Returning from initFromVector
Wrote 12807557 bytes to primary EBWT file: /Users/jefflee/Documents/Github/smFISHProbeDesign/bowtie_indexes/mousePseudo.rev.1.ebwt
Wrote 3484308 bytes to secondary EBWT file: /Users/jefflee/Documents/Github/smFISHProbeDesign/bowtie_indexes/mousePseudo.rev.2.ebwt
Re-opening _in1 and _in2 as input streams
Returning from Ebwt constructor
Headers:
    len: 27874421
    bwtLen: 27874422
    sz: 6968606
    bwtSz: 6968606
    lineRate: 6
    linesPerSide: 1
    offRate: 5
    offMask: 0xffffffe0
    isaRate: -1
    isaMask: 0xffffffff
    ftabChars: 10
    eftabLen: 20
    eftabSz: 80
    ftabLen: 1048577
    ftabSz: 4194308
    offsLen: 871076
    offsSz: 3484304
    isaLen: 0
    isaSz: 0
    lineSz: 64
    sideSz: 64
    sideBwtSz: 56
    sideBwtLen: 224
    numSidePairs: 62220
    numSides: 124440
    numLines: 124440
    ebwtTotLen: 7964160
    ebwtTotSz: 7964160
    reverse: 0
Total time for backward call to driver() for mirror index: 00:00:11
Build time: 22s
Verified: 6 .ebwt files
Total size: 41M

=== drosophila ===
Input FASTA: /Users/jefflee/Documents/Github/smFISHProbeDesign/probedesign/pseudogeneDBs/drosophila.fasta
Output prefix: drosophilaPseudo
FASTA stats: 2204 sequences, 2.1M
Settings:
  Output files: "/Users/jefflee/Documents/Github/smFISHProbeDesign/bowtie_indexes/drosophilaPseudo.*.ebwt"
  Line rate: 6 (line is 64 bytes)
  Lines per side: 1 (side is 64 bytes)
  Offset rate: 5 (one in 32)
  FTable chars: 10
  Strings: unpacked
  Max bucket size: default
  Max bucket size, sqrt multiplier: default
  Max bucket size, len divisor: 4
  Difference-cover sample period: 1024
  Endianness: little
  Actual local endianness: little
  Sanity checking: disabled
  Assertions: disabled
  Random seed: 0
  Sizeofs: void*:8, int:4, long:8, size_t:8
Input files DNA, FASTA:
  /Users/jefflee/Documents/Github/smFISHProbeDesign/probedesign/pseudogeneDBs/drosophila.fasta
Reading reference sizes
  Time reading reference sizes: 00:00:00
Calculating joined length
Writing header
Reserving space for joined string
Joining reference sequences
  Time to join reference sequences: 00:00:01
bmax according to bmaxDivN setting: 470517
Using parameters --bmax 352888 --dcv 1024
  Doing ahead-of-time memory usage test
  Passed!  Constructing with these parameters: --bmax 352888 --dcv 1024
Constructing suffix-array element generator
Building DifferenceCoverSample
  Building sPrime
  Building sPrimeOrder
  V-Sorting samples
  V-Sorting samples time: 00:00:00
  Allocating rank array
  Ranking v-sort output
  Ranking v-sort output time: 00:00:00
  Invoking Larsson-Sadakane on ranks
  Invoking Larsson-Sadakane on ranks time: 00:00:00
  Sanity-checking and returning
Building samples
Reserving space for 12 sample suffixes
Generating random suffixes
QSorting 12 sample offsets, eliminating duplicates
Multikey QSorting 12 samples
  (Using difference cover)
  Multikey QSorting samples time: 00:00:00
QSorting sample offsets, eliminating duplicates time: 00:00:00
Calculating bucket sizes
Splitting and merging
  Splitting and merging time: 00:00:00
Split 2, merged 6; iterating...
Splitting and merging
  Splitting and merging time: 00:00:00
Split 1, merged 1; iterating...
Splitting and merging
  Splitting and merging time: 00:00:00
Avg bucket size: 235258 (target: 352887)
Converting suffix-array elements to index image
Allocating ftab, absorbFtab
Entering Ebwt loop
Getting block 1 of 8
  Reserving size (352888) for bucket 1
  Calculating Z arrays for bucket 1
  Entering block accumulator loop for bucket 1:
  bucket 1: 10%
  bucket 1: 20%
  bucket 1: 30%
  bucket 1: 40%
  bucket 1: 50%
  bucket 1: 60%
  bucket 1: 70%
  bucket 1: 80%
  bucket 1: 90%
  bucket 1: 100%
  Sorting block of length 293907 for bucket 1
  (Using difference cover)
  Sorting block time: 00:00:00
Returning block of 293908 for bucket 1
Getting block 2 of 8
  Reserving size (352888) for bucket 2
  Calculating Z arrays for bucket 2
  Entering block accumulator loop for bucket 2:
  bucket 2: 10%
  bucket 2: 20%
  bucket 2: 30%
  bucket 2: 40%
  bucket 2: 50%
  bucket 2: 60%
  bucket 2: 70%
  bucket 2: 80%
  bucket 2: 90%
  bucket 2: 100%
  Sorting block of length 350638 for bucket 2
  (Using difference cover)
  Sorting block time: 00:00:00
Returning block of 350639 for bucket 2
Getting block 3 of 8
  Reserving size (352888) for bucket 3
  Calculating Z arrays for bucket 3
  Entering block accumulator loop for bucket 3:
  bucket 3: 10%
  bucket 3: 20%
  bucket 3: 30%
  bucket 3: 40%
  bucket 3: 50%
  bucket 3: 60%
  bucket 3: 70%
  bucket 3: 80%
  bucket 3: 90%
  bucket 3: 100%
  Sorting block of length 260348 for bucket 3
  (Using difference cover)
  Sorting block time: 00:00:00
Returning block of 260349 for bucket 3
Getting block 4 of 8
  Reserving size (352888) for bucket 4
  Calculating Z arrays for bucket 4
  Entering block accumulator loop for bucket 4:
  bucket 4: 10%
  bucket 4: 20%
  bucket 4: 30%
  bucket 4: 40%
  bucket 4: 50%
  bucket 4: 60%
  bucket 4: 70%
  bucket 4: 80%
  bucket 4: 90%
  bucket 4: 100%
  Sorting block of length 118209 for bucket 4
  (Using difference cover)
  Sorting block time: 00:00:00
Returning block of 118210 for bucket 4
Getting block 5 of 8
  Reserving size (352888) for bucket 5
  Calculating Z arrays for bucket 5
  Entering block accumulator loop for bucket 5:
  bucket 5: 10%
  bucket 5: 20%
  bucket 5: 30%
  bucket 5: 40%
  bucket 5: 50%
  bucket 5: 60%
  bucket 5: 70%
  bucket 5: 80%
  bucket 5: 90%
  bucket 5: 100%
  Sorting block of length 269001 for bucket 5
  (Using difference cover)
  Sorting block time: 00:00:00
Returning block of 269002 for bucket 5
Getting block 6 of 8
  Reserving size (352888) for bucket 6
  Calculating Z arrays for bucket 6
  Entering block accumulator loop for bucket 6:
  bucket 6: 10%
  bucket 6: 20%
  bucket 6: 30%
  bucket 6: 40%
  bucket 6: 50%
  bucket 6: 60%
  bucket 6: 70%
  bucket 6: 80%
  bucket 6: 90%
  bucket 6: 100%
  Sorting block of length 211970 for bucket 6
  (Using difference cover)
  Sorting block time: 00:00:00
Returning block of 211971 for bucket 6
Getting block 7 of 8
  Reserving size (352888) for bucket 7
  Calculating Z arrays for bucket 7
  Entering block accumulator loop for bucket 7:
  bucket 7: 10%
  bucket 7: 20%
  bucket 7: 30%
  bucket 7: 40%
  bucket 7: 50%
  bucket 7: 60%
  bucket 7: 70%
  bucket 7: 80%
  bucket 7: 90%
  bucket 7: 100%
  Sorting block of length 312804 for bucket 7
  (Using difference cover)
  Sorting block time: 00:00:00
Returning block of 312805 for bucket 7
Getting block 8 of 8
  Reserving size (352888) for bucket 8
  Calculating Z arrays for bucket 8
  Entering block accumulator loop for bucket 8:
  bucket 8: 10%
  bucket 8: 20%
  bucket 8: 30%
  bucket 8: 40%
  bucket 8: 50%
  bucket 8: 60%
  bucket 8: 70%
  bucket 8: 80%
  bucket 8: 90%
  bucket 8: 100%
  Sorting block of length 65184 for bucket 8
  (Using difference cover)
  Sorting block time: 00:00:00
Returning block of 65185 for bucket 8
Exited Ebwt loop
fchr[A]: 0
fchr[C]: 578478
fchr[G]: 966416
fchr[T]: 1358715
fchr[$]: 1882068
Exiting Ebwt::buildToDisk()
Returning from initFromVector
Wrote 4809185 bytes to primary EBWT file: /Users/jefflee/Documents/Github/smFISHProbeDesign/bowtie_indexes/drosophilaPseudo.1.ebwt
Wrote 235264 bytes to secondary EBWT file: /Users/jefflee/Documents/Github/smFISHProbeDesign/bowtie_indexes/drosophilaPseudo.2.ebwt
Re-opening _in1 and _in2 as input streams
Returning from Ebwt constructor
Headers:
    len: 1882068
    bwtLen: 1882069
    sz: 470517
    bwtSz: 470518
    lineRate: 6
    linesPerSide: 1
    offRate: 5
    offMask: 0xffffffe0
    isaRate: -1
    isaMask: 0xffffffff
    ftabChars: 10
    eftabLen: 20
    eftabSz: 80
    ftabLen: 1048577
    ftabSz: 4194308
    offsLen: 58815
    offsSz: 235260
    isaLen: 0
    isaSz: 0
    lineSz: 64
    sideSz: 64
    sideBwtSz: 56
    sideBwtLen: 224
    numSidePairs: 4202
    numSides: 8404
    numLines: 8404
    ebwtTotLen: 537856
    ebwtTotSz: 537856
    reverse: 0
Total time for call to driver() for forward index: 00:00:01
Reading reference sizes
  Time reading reference sizes: 00:00:00
Calculating joined length
Writing header
Reserving space for joined string
Joining reference sequences
  Time to join reference sequences: 00:00:00
bmax according to bmaxDivN setting: 470517
Using parameters --bmax 352888 --dcv 1024
  Doing ahead-of-time memory usage test
  Passed!  Constructing with these parameters: --bmax 352888 --dcv 1024
Constructing suffix-array element generator
Building DifferenceCoverSample
  Building sPrime
  Building sPrimeOrder
  V-Sorting samples
  V-Sorting samples time: 00:00:00
  Allocating rank array
  Ranking v-sort output
  Ranking v-sort output time: 00:00:00
  Invoking Larsson-Sadakane on ranks
  Invoking Larsson-Sadakane on ranks time: 00:00:00
  Sanity-checking and returning
Building samples
Reserving space for 12 sample suffixes
Generating random suffixes
QSorting 12 sample offsets, eliminating duplicates
Multikey QSorting 12 samples
  (Using difference cover)
  Multikey QSorting samples time: 00:00:00
QSorting sample offsets, eliminating duplicates time: 00:00:00
Calculating bucket sizes
Splitting and merging
  Splitting and merging time: 00:00:00
Avg bucket size: 313677 (target: 352887)
Converting suffix-array elements to index image
Allocating ftab, absorbFtab
Entering Ebwt loop
Getting block 1 of 6
  Reserving size (352888) for bucket 1
  Calculating Z arrays for bucket 1
  Entering block accumulator loop for bucket 1:
  bucket 1: 10%
  bucket 1: 20%
  bucket 1: 30%
  bucket 1: 40%
  bucket 1: 50%
  bucket 1: 60%
  bucket 1: 70%
  bucket 1: 80%
  bucket 1: 90%
  bucket 1: 100%
  Sorting block of length 319955 for bucket 1
  (Using difference cover)
  Sorting block time: 00:00:00
Returning block of 319956 for bucket 1
Getting block 2 of 6
  Reserving size (352888) for bucket 2
  Calculating Z arrays for bucket 2
  Entering block accumulator loop for bucket 2:
  bucket 2: 10%
  bucket 2: 20%
  bucket 2: 30%
  bucket 2: 40%
  bucket 2: 50%
  bucket 2: 60%
  bucket 2: 70%
  bucket 2: 80%
  bucket 2: 90%
  bucket 2: 100%
  Sorting block of length 332336 for bucket 2
  (Using difference cover)
  Sorting block time: 00:00:00
Returning block of 332337 for bucket 2
Getting block 3 of 6
  Reserving size (352888) for bucket 3
  Calculating Z arrays for bucket 3
  Entering block accumulator loop for bucket 3:
  bucket 3: 10%
  bucket 3: 20%
  bucket 3: 30%
  bucket 3: 40%
  bucket 3: 50%
  bucket 3: 60%
  bucket 3: 70%
  bucket 3: 80%
  bucket 3: 90%
  bucket 3: 100%
  Sorting block of length 282271 for bucket 3
  (Using difference cover)
  Sorting block time: 00:00:00
Returning block of 282272 for bucket 3
Getting block 4 of 6
  Reserving size (352888) for bucket 4
  Calculating Z arrays for bucket 4
  Entering block accumulator loop for bucket 4:
  bucket 4: 10%
  bucket 4: 20%
  bucket 4: 30%
  bucket 4: 40%
  bucket 4: 50%
  bucket 4: 60%
  bucket 4: 70%
  bucket 4: 80%
  bucket 4: 90%
  bucket 4: 100%
  Sorting block of length 298751 for bucket 4
  (Using difference cover)
  Sorting block time: 00:00:01
Returning block of 298752 for bucket 4
Getting block 5 of 6
  Reserving size (352888) for bucket 5
  Calculating Z arrays for bucket 5
  Entering block accumulator loop for bucket 5:
  bucket 5: 10%
  bucket 5: 20%
  bucket 5: 30%
  bucket 5: 40%
  bucket 5: 50%
  bucket 5: 60%
  bucket 5: 70%
  bucket 5: 80%
  bucket 5: 90%
  bucket 5: 100%
  Sorting block of length 335936 for bucket 5
  (Using difference cover)
  Sorting block time: 00:00:00
Returning block of 335937 for bucket 5
Getting block 6 of 6
  Reserving size (352888) for bucket 6
  Calculating Z arrays for bucket 6
  Entering block accumulator loop for bucket 6:
  bucket 6: 10%
  bucket 6: 20%
  bucket 6: 30%
  bucket 6: 40%
  bucket 6: 50%
  bucket 6: 60%
  bucket 6: 70%
  bucket 6: 80%
  bucket 6: 90%
  bucket 6: 100%
  Sorting block of length 312814 for bucket 6
  (Using difference cover)
  Sorting block time: 00:00:00
Returning block of 312815 for bucket 6
Exited Ebwt loop
fchr[A]: 0
fchr[C]: 578478
fchr[G]: 966416
fchr[T]: 1358715
fchr[$]: 1882068
Exiting Ebwt::buildToDisk()
Returning from initFromVector
Wrote 4809185 bytes to primary EBWT file: /Users/jefflee/Documents/Github/smFISHProbeDesign/bowtie_indexes/drosophilaPseudo.rev.1.ebwt
Wrote 235264 bytes to secondary EBWT file: /Users/jefflee/Documents/Github/smFISHProbeDesign/bowtie_indexes/drosophilaPseudo.rev.2.ebwt
Re-opening _in1 and _in2 as input streams
Returning from Ebwt constructor
Headers:
    len: 1882068
    bwtLen: 1882069
    sz: 470517
    bwtSz: 470518
    lineRate: 6
    linesPerSide: 1
    offRate: 5
    offMask: 0xffffffe0
    isaRate: -1
    isaMask: 0xffffffff
    ftabChars: 10
    eftabLen: 20
    eftabSz: 80
    ftabLen: 1048577
    ftabSz: 4194308
    offsLen: 58815
    offsSz: 235260
    isaLen: 0
    isaSz: 0
    lineSz: 64
    sideSz: 64
    sideBwtSz: 56
    sideBwtLen: 224
    numSidePairs: 4202
    numSides: 8404
    numLines: 8404
    ebwtTotLen: 537856
    ebwtTotSz: 537856
    reverse: 0
Total time for backward call to driver() for mirror index: 00:00:01
Build time: 2s
Verified: 6 .ebwt files
Total size: 10M


=== Summary ===
All indices built successfully
Location: /Users/jefflee/Documents/Github/smFISHProbeDesign/bowtie_indexes
/Users/jefflee/Documents/Github/smFISHProbeDesign/bowtie_indexes/drosophilaPseudo.1.ebwt
/Users/jefflee/Documents/Github/smFISHProbeDesign/bowtie_indexes/drosophilaPseudo.2.ebwt
/Users/jefflee/Documents/Github/smFISHProbeDesign/bowtie_indexes/drosophilaPseudo.3.ebwt
/Users/jefflee/Documents/Github/smFISHProbeDesign/bowtie_indexes/drosophilaPseudo.4.ebwt
/Users/jefflee/Documents/Github/smFISHProbeDesign/bowtie_indexes/drosophilaPseudo.rev.1.ebwt
/Users/jefflee/Documents/Github/smFISHProbeDesign/bowtie_indexes/drosophilaPseudo.rev.2.ebwt
/Users/jefflee/Documents/Github/smFISHProbeDesign/bowtie_indexes/humanPseudo.1.ebwt
/Users/jefflee/Documents/Github/smFISHProbeDesign/bowtie_indexes/humanPseudo.2.ebwt
/Users/jefflee/Documents/Github/smFISHProbeDesign/bowtie_indexes/humanPseudo.3.ebwt
/Users/jefflee/Documents/Github/smFISHProbeDesign/bowtie_indexes/humanPseudo.4.ebwt
/Users/jefflee/Documents/Github/smFISHProbeDesign/bowtie_indexes/humanPseudo.rev.1.ebwt
/Users/jefflee/Documents/Github/smFISHProbeDesign/bowtie_indexes/humanPseudo.rev.2.ebwt
/Users/jefflee/Documents/Github/smFISHProbeDesign/bowtie_indexes/mousePseudo.1.ebwt
/Users/jefflee/Documents/Github/smFISHProbeDesign/bowtie_indexes/mousePseudo.2.ebwt
/Users/jefflee/Documents/Github/smFISHProbeDesign/bowtie_indexes/mousePseudo.3.ebwt
/Users/jefflee/Documents/Github/smFISHProbeDesign/bowtie_indexes/mousePseudo.4.ebwt
/Users/jefflee/Documents/Github/smFISHProbeDesign/bowtie_indexes/mousePseudo.rev.1.ebwt
/Users/jefflee/Documents/Github/smFISHProbeDesign/bowtie_indexes/mousePseudo.rev.2.ebwt
